"../../../Engine/Content/EditorResources/S_Actor.uasset" 0
"../../../Engine/Content/EditorResources/S_Emitter.uasset" 1
"../../../Engine/Content/EngineResources/AICON-Red.uasset" 2
"../../../Engine/Content/EngineResources/AICON-Green.uasset" 3
"../../../Engine/Content/EngineFonts/Roboto.uasset" 4
"../../../Engine/Content/Functions/Engine_MaterialFunctions01/Shading/PowerToRoughness.uasset" 5
"../../../Engine/Content/EngineMaterials/DefaultDiffuse.uasset" 6
"../../../Engine/Content/EngineMaterials/DefaultDeferredDecalMaterial.uasset" 7
"../../../Engine/Content/EngineMaterials/DefaultLightFunctionMaterial.uasset" 8
"../../../Engine/Content/Functions/Engine_MaterialFunctions02/Utility/BreakOutFloat2Components.uasset" 9
"../../../Engine/Content/EngineMaterials/DefaultPostProcessMaterial.uasset" 10
"../../../Engine/Content/EngineResources/DefaultTexture.uasset" 11
"../../../Engine/Content/Functions/Engine_MaterialFunctions01/Texturing/ScaleUVsByCenter.uasset" 12
"../../../Engine/Content/Functions/Engine_MaterialFunctions02/ScreenResolution.uasset" 13
"../../../Engine/Content/Functions/Engine_MaterialFunctions02/Texturing/ScreenAlignedUVs.uasset" 14
"../../../Engine/Content/EngineResources/WhiteSquareTexture.uasset" 15
"../../../Engine/Content/EngineMaterials/Widget3DPassThrough.uasset" 16
"../../../Engine/Content/EngineMaterials/Widget3DPassThrough_Translucent.uasset" 17
"../../../Engine/Content/EngineMaterials/Widget3DPassThrough_Translucent_OneSided.uasset" 18
"../../../Engine/Content/EngineMaterials/Widget3DPassThrough_Opaque.uasset" 19
"../../../Engine/Content/EngineMaterials/Widget3DPassThrough_Opaque_OneSided.uasset" 20
"../../../Engine/Content/EngineMaterials/Widget3DPassThrough_Masked.uasset" 21
"../../../Engine/Content/EngineMaterials/Widget3DPassThrough_Masked_OneSided.uasset" 22
"../../../Engine/Content/EditorResources/S_LevelSequence.uasset" 23
"../../../Engine/Content/EditorResources/Bad.uasset" 24
"../../../Engine/Content/EditorMeshes/EditorCube.uasset" 25
"../../../Engine/Content/EditorMeshes/EditorSphere.uasset" 26
"../../../Engine/Content/EditorMeshes/EditorPlane.uasset" 27
"../../../Engine/Content/EditorMeshes/EditorCylinder.uasset" 28
"../../../Engine/Content/Maps/Templates/Thumbnails/Default.uasset" 29
"../../../Engine/Content/Maps/Templates/Thumbnails/VR-Basic.uasset" 30
"../../../Engine/Content/EditorMaterials/Thumbnails/SkySphereMaterial.uasset" 31
"../../../Engine/Content/EditorMeshes/EditorSkySphere.uasset" 32
"../../../Engine/Content/EngineMaterials/Grid.uasset" 33
"../../../Engine/Content/EditorMaterials/Thumbnails/FloorPlaneMaterial.uasset" 34
"../../../Engine/Content/EditorMaterials/ParticleSystems/PSysThumbnail_NoImage.uasset" 35
"../../../Engine/Content/EditorMaterials/ParticleSystems/PSysThumbnail_OOD.uasset" 36
"../../../Engine/Content/EditorResources/S_DecalActorIcon.uasset" 37
"../../../Engine/Content/EditorLandscapeResources/LandscapeGizmo_Mat.uasset" 38
"../../../Engine/Content/EditorLandscapeResources/LandscapeGizmo_Mat_Copied.uasset" 39
"../../../Engine/Content/EditorLandscapeResources/LandscapeGizmoHeight_Mat.uasset" 40
"../../../Engine/Content/EditorLandscapeResources/DataLayer.uasset" 41
"../../../Engine/Content/EditorResources/S_Terrain.uasset" 42
"../../../Engine/Content/EditorLandscapeResources/SplineEditorMeshMat.uasset" 43
"../../../Engine/Content/EditorLandscapeResources/SplineEditorMesh.uasset" 44
"../../../Engine/Content/EditorResources/MatineeCam_D.uasset" 45
"../../../Engine/Content/EditorMaterials/MatineeCam_mat.uasset" 46
"../../../Engine/Content/EditorMeshes/MatineeCam_SM.uasset" 47
"../../../Engine/Content/Functions/Engine_MaterialFunctions02/Utility/Sign.uasset" 48
"../../../Engine/Content/Functions/Engine_MaterialFunctions02/Utility/Round.uasset" 49
"../../../Engine/Content/Functions/Engine_MaterialFunctions02/ExampleContent/Textures/flipbook.uasset" 50
"../../../Engine/Content/Functions/Engine_MaterialFunctions02/Texturing/FlipBook.uasset" 51
"../../../Engine/Content/EditorResources/T_EditorHelp.uasset" 52
"../../../Engine/Content/EditorMaterials/HelpActorMaterial.uasset" 53
"../../../Engine/Content/EditorResources/S_ExpoHeightFog.uasset" 54
"../../../Engine/Content/EditorResources/S_NavP.uasset" 55
"../../../Engine/Content/EditorResources/S_Player.uasset" 56
"../../../Engine/Content/EditorResources/LightIcons/SkyLight.uasset" 57
"../../../Engine/Content/EditorResources/S_WindDirectional.uasset" 58
"../../../Engine/Content/EngineDamageTypes/DmgTypeBP_Environmental.uasset" 59
"../../../Engine/Content/EditorResources/LightIcons/S_LightDirectional.uasset" 60
"../../../Engine/Content/EditorResources/LightIcons/S_LightDirectionalMove.uasset" 61
"../../../Engine/Content/EditorResources/LightIcons/S_LightPoint.uasset" 62
"../../../Engine/Content/EditorResources/LightIcons/S_LightPointMove.uasset" 63
"../../../Engine/Content/EditorResources/LightIcons/S_LightSpot.uasset" 64
"../../../Engine/Content/EditorResources/LightIcons/S_LightSpotMove.uasset" 65
"../../../Engine/Content/EditorResources/S_PortalActorIcon2.uasset" 66
"../../../Engine/Content/EditorResources/MatInstActSprite.uasset" 67
"../../../Engine/Content/EditorResources/SceneManager.uasset" 68
"../../../Engine/Content/EditorResources/AI/S_NavLink.uasset" 69
"../../../Engine/Content/EditorResources/S_Note.uasset" 70
"../../../Engine/Content/EngineMeshes/Sphere.uasset" 71
"../../../Engine/Content/EditorResources/S_ReflActorIcon.uasset" 72
"../../../Engine/Content/EditorResources/S_Thruster.uasset" 73
"../../../Engine/Content/EditorResources/S_RadForce.uasset" 74
"../../../Engine/Content/EditorMaterials/TargetIcon.uasset" 75
"../../../Engine/Content/EngineFonts/RobotoDistanceField.uasset" 76
"../../../Engine/Content/EngineMaterials/DefaultTextMaterialOpaque.uasset" 77
"../../../Engine/Content/EditorResources/S_TextRenderActorIcon.uasset" 78
"../../../Engine/Content/EditorResources/S_Trigger.uasset" 79
"../../../Engine/Content/EditorResources/S_VectorFieldVol.uasset" 80
"../../../Engine/Content/EngineResources/GradientTexture0.uasset" 81
"../../../Engine/Content/EditorMaterials/MatineeGroups/MAT_Groups_Float.uasset" 82
"../../../Engine/Content/EditorMaterials/MatineeGroups/MAT_Groups_Director.uasset" 83
"../../../Engine/Content/EditorMaterials/MatineeGroups/MAT_Groups_Event.uasset" 84
"../../../Engine/Content/EditorMaterials/MatineeGroups/MAT_Groups_Anim.uasset" 85
"../../../Engine/Content/EditorMaterials/MatineeGroups/MAT_Groups_Fade.uasset" 86
"../../../Engine/Content/EditorMaterials/MatineeGroups/MAT_Groups_Move.uasset" 87
"../../../Engine/Content/EditorMaterials/MatineeGroups/MAT_Groups_Slomo.uasset" 88
"../../../Engine/Content/EditorMaterials/MatineeGroups/MAT_ColorTrack.uasset" 89
"../../../Engine/Content/EditorMaterials/MAT_Groups_Toggle.uasset" 90
"../../../Engine/Content/EditorMaterials/MatineeGroups/MAT_Groups_AudioMaster.uasset" 91
"../../../Engine/Content/EditorMaterials/MatineeGroups/MAT_Groups_Sound.uasset" 92
"../../../Engine/Content/EditorMaterials/MatineeGroups/MAT_Groups_Vector.uasset" 93
"../../../Engine/Content/EditorMaterials/MAT_Groups_Visibility.uasset" 94
"../../../Engine/Content/EngineResources/DefaultTextureCube.uasset" 95
"../../../Engine/Content/Functions/Engine_MaterialFunctions01/Opacity/CameraDepthFade.uasset" 96
"../../../Engine/Content/EngineMaterials/T_Default_Material_Grid_M.uasset" 97
"../../../Engine/Content/EngineMaterials/T_Default_Material_Grid_N.uasset" 98
"../../../Engine/Content/EngineMaterials/DefaultMaterial.uasset" 99
"../../../Engine/Content/EngineMeshes/Cylinder.uasset" 100
"../../../Engine/Content/EngineTireTypes/DefaultTireType.uasset" 101
"../../../Engine/Content/EditorMaterials/Camera/CineMat.uasset" 102
"../../../Engine/Content/EditorMaterials/Camera/MI_CineMat_Rig.uasset" 103
"../../../Engine/Content/EditorMeshes/Camera/SM_CraneRig_Base.uasset" 104
"../../../Engine/Content/EditorMeshes/Camera/SM_CraneRig_Arm.uasset" 105
"../../../Engine/Content/EditorMeshes/Camera/SM_CraneRig_Mount.uasset" 106
"../../../Engine/Content/EditorMeshes/Camera/SM_CraneRig_Body.uasset" 107
"../../../Engine/Content/EditorMeshes/Camera/SM_RailRig_Track.uasset" 108
"../../../Engine/Content/EditorMeshes/Camera/SM_RailRig_Mount.uasset" 109
"../../../Engine/Content/EditorMaterials/Camera/MI_CineMat_CameraBody.uasset" 110
"../../../Engine/Content/EngineDebugMaterials/M_SimpleOpaque.uasset" 111
"../../../Engine/Content/EditorMaterials/Camera/MI_CineMat_CamViewFinder.uasset" 112
"../../../Engine/Content/EditorMeshes/Camera/SM_CineCam.uasset" 113
"../../../Engine/Content/EngineMaterials/WorldGridMaterial.uasset" 114
"../../../Engine/Content/ArtTools/RenderToTexture/Meshes/S_1_Unit_Plane.uasset" 115
"../../../Engine/Content/EngineDebugMaterials/M_SimpleTranslucent.uasset" 116
"../../../Engine/Content/EditorResources/S_FTest.uasset" 117
"../../../Engine/Content/VREditor/LaserPointer/VR_LaserPower_01.uasset" 118
"../../../Engine/Content/VREditor/TransformGizmo/TransformGizmoMaterial.uasset" 119
"../../../Engine/Content/VREditor/TransformGizmo/TranslucentTransformGizmoMaterial.uasset" 120
"../../../Engine/Content/VREditor/TransformGizmo/TranslationHandle.uasset" 121
"../../../Engine/Content/VREditor/TransformGizmo/PlaneTranslationHandle.uasset" 122
"../../../Engine/Content/VREditor/TransformGizmo/RotationHandle.uasset" 123
"../../../Engine/Content/VREditor/TransformGizmo/StretchingHandle.uasset" 124
"../../../Engine/Content/VREditor/TransformGizmo/BoundingBoxCorner.uasset" 125
"../../../Engine/Content/VREditor/TransformGizmo/BoundingBoxEdge.uasset" 126
"../../../Engine/Content/VREditor/TransformGizmo/UniformScaleHandle.uasset" 127
"../../../Engine/Content/VREditor/FloatingText/LineMaterial.uasset" 128
"../../../Engine/Content/VREditor/FloatingText/LineSegmentCylinder.uasset" 129
"../../../Engine/Content/VREditor/FloatingText/JointSphere.uasset" 130
"../../../Engine/Content/VREditor/Fonts/VRText_RobotoLarge.uasset" 131
"../../../Engine/Content/VREditor/Fonts/VRTextMaterial.uasset" 132
"../../../Engine/Content/VREditor/Fonts/TranslucentVRTextMaterial.uasset" 133
"../../../Engine/Content/VREditor/UI/SelectionBarMesh.uasset" 134
"../../../Engine/Content/VREditor/UI/CloseButtonMesh.uasset" 135
"../../../Engine/Plugins/2D/Paper2D/Content/PlaceholderTextures/DummySpriteTexture.uasset" 136
"../../../Engine/Plugins/2D/Paper2D/Content/DefaultSpriteMaterial.uasset" 137
"../../../Engine/Plugins/2D/Paper2D/Content/MaskedUnlitSpriteMaterial.uasset" 138
"../../../Engine/Plugins/2D/Paper2D/Content/OpaqueUnlitSpriteMaterial.uasset" 139
"../../../Engine/Plugins/2D/Paper2D/Content/DummySprite.uasset" 140
"../../../Engine/Plugins/2D/Paper2D/Content/DefaultPaperTerrainMaterial.uasset" 141
"../../../Engine/Content/EditorSounds/Notifications/CompileSuccess.uasset" 142
"../../../Engine/Content/EditorSounds/Notifications/CompileStart_Cue.uasset" 143
"../../../Engine/Content/EditorSounds/Notifications/CompileSuccess_Cue.uasset" 144
"../../../Engine/Content/EditorSounds/Notifications/CompileFailed.uasset" 145
"../../../Engine/Content/EditorSounds/Notifications/CompileFailed_Cue.uasset" 146
"../../../Engine/Content/BufferVisualization/BaseColor.uasset" 147
"../../../Engine/Content/BufferVisualization/CustomDepth.uasset" 148
"../../../Engine/Content/Functions/Engine_MaterialFunctions02/Utility/MakeFloat2.uasset" 149
"../../../Engine/Content/Functions/Engine_MaterialFunctions02/Utility/MakeFloat3.uasset" 150
"../../../Engine/Content/EngineMaterials/MiniFont.uasset" 151
"../../../Engine/Content/BufferVisualization/CustomStencil.uasset" 152
"../../../Engine/Content/BufferVisualization/FinalImage.uasset" 153
"../../../Engine/Content/BufferVisualization/LightingModel.uasset" 154
"../../../Engine/Content/BufferVisualization/MaterialAO.uasset" 155
"../../../Engine/Content/BufferVisualization/Metallic.uasset" 156
"../../../Engine/Content/BufferVisualization/Opacity.uasset" 157
"../../../Engine/Content/BufferVisualization/Roughness.uasset" 158
"../../../Engine/Content/BufferVisualization/SceneColor.uasset" 159
"../../../Engine/Content/BufferVisualization/SceneDepth.uasset" 160
"../../../Engine/Content/BufferVisualization/SeparateTranslucencyRGB.uasset" 161
"../../../Engine/Content/BufferVisualization/SeparateTranslucencyA.uasset" 162
"../../../Engine/Content/BufferVisualization/Specular.uasset" 163
"../../../Engine/Content/BufferVisualization/SubsurfaceColor.uasset" 164
"../../../Engine/Content/BufferVisualization/WorldNormal.uasset" 165
"../../../Engine/Content/EngineMaterials/DefaultPhysicalMaterial.uasset" 166
"../../../Engine/Content/BufferVisualization/AmbientOcclusion.uasset" 167
"../../../Engine/Content/Functions/Engine_MaterialFunctions02/Utility/VectorLength.uasset" 168
"../../../Engine/Content/BufferVisualization/CustomDepthWorldUnits.uasset" 169
"../../../Engine/Content/BufferVisualization/SceneDepthWorldUnits.uasset" 170
"../../../Engine/Content/BufferVisualization/HDRColor.uasset" 171
"../../../Engine/Content/EngineMaterials/HighResolutionScreenshotMaskFunction.uasset" 172
"../../../Engine/Content/EngineMaterials/HighResScreenshot.uasset" 173
"../../../Engine/Content/EngineMaterials/HighResScreenshotMask.uasset" 174
"../../../Engine/Content/EngineMaterials/HighResScreenshotCaptureRegion.uasset" 175
"../../../Engine/Content/EngineDebugMaterials/WireframeMaterial.uasset" 176
"../../../Engine/Content/Functions/Engine_MaterialFunctions01/Shading/ConvertFromDiffSpec.uasset" 177
"../../../Engine/Content/EngineDebugMaterials/LevelColorationLitMaterial.uasset" 178
"../../../Engine/Content/EngineDebugMaterials/LevelColorationUnlitMaterial.uasset" 179
"../../../Engine/Content/EngineMaterials/DefaultWhiteGrid.uasset" 180
"../../../Engine/Content/EngineDebugMaterials/MAT_LevelColorationLitLightmapUV.uasset" 181
"../../../Engine/Content/EngineDebugMaterials/ShadedLevelColorationLitMaterial.uasset" 182
"../../../Engine/Content/EngineDebugMaterials/ShadedLevelColorationUnlitMateri.uasset" 183
"../../../Engine/Content/EngineDebugMaterials/VertexColorMaterial.uasset" 184
"../../../Engine/Content/EngineDebugMaterials/VertexColorViewMode_ColorOnly.uasset" 185
"../../../Engine/Content/EngineDebugMaterials/VertexColorViewMode_AlphaAsColor.uasset" 186
"../../../Engine/Content/EngineDebugMaterials/VertexColorViewMode_RedOnly.uasset" 187
"../../../Engine/Content/EngineDebugMaterials/VertexColorViewMode_GreenOnly.uasset" 188
"../../../Engine/Content/EngineDebugMaterials/VertexColorViewMode_BlueOnly.uasset" 189
"../../../Engine/Content/EngineMaterials/RemoveSurfaceMaterial.uasset" 190
"../../../Engine/Content/EngineDebugMaterials/DebugMeshMaterial.uasset" 191
"../../../Engine/Content/EngineMaterials/InvalidLightmapSettings.uasset" 192
"../../../Engine/Content/EngineMaterials/M_InvalidLightmapSettings.uasset" 193
"../../../Engine/Content/EditorMaterials/GizmoMaterial.uasset" 194
"../../../Engine/Content/EngineDebugMaterials/GeomMaterial.uasset" 195
"../../../Engine/Content/EngineMaterials/EditorBrushMaterial.uasset" 196
"../../../Engine/Content/EngineDebugMaterials/HeatmapGradient.uasset" 197
"../../../Engine/Content/EngineDebugMaterials/BoneWeightMaterial.uasset" 198
"../../../Engine/Content/EditorMaterials/PreviewShadowIndicator.uasset" 199
"../../../Engine/Content/EditorMaterials/PreviewShadowIndicatorMaterial.uasset" 200
"../../../Engine/Content/EditorMaterials/PhAT_JointLimitMaterial.uasset" 201
"../../../Engine/Content/EditorResources/BSPVertex.uasset" 202
"../../../Engine/Content/EngineMaterials/Good64x64TilingNoiseHighFreq.uasset" 203
"../../../Engine/Content/EngineMaterials/DefaultBokeh.uasset" 204
"../../../Engine/Content/EngineMaterials/PreintegratedSkinBRDF.uasset" 205
"../../../Engine/Content/EngineMaterials/WeightMapPlaceholderTexture.uasset" 206
"../../../Engine/Content/EngineFonts/RobotoTiny.uasset" 207
"../../../Engine/Content/Tutorial/ContentIntroCurve.uasset" 208
"../../../Engine/Content/EditorMaterials/Cross.uasset" 209
"../../../Engine/Content/EditorMaterials/Cross_Mat.uasset" 210
"../../../Engine/Content/EditorMaterials/PhAT_BoneSelectedMaterial.uasset" 211
"../../../Engine/Content/EditorMaterials/PhAT_ElemSelectedMaterial.uasset" 212
"../../../Engine/Content/EditorMaterials/PhAT_NoCollisionMaterial.uasset" 213
"../../../Engine/Content/EditorMaterials/PhAT_UnselectedMaterial.uasset" 214
"../../../Engine/Content/EditorMaterials/Tick.uasset" 215
"../../../Engine/Content/EditorMaterials/Tick_Mat.uasset" 216
"../../../Engine/Content/EditorMaterials/WidgetGridVertexColorMaterial.uasset" 217
"../../../Engine/Content/EditorMaterials/WidgetGridVertexColorMaterial_Ma.uasset" 218
"../../../Engine/Content/EditorMaterials/WidgetMaterial.uasset" 219
"../../../Engine/Content/EditorMaterials/WidgetMaterial_Current.uasset" 220
"../../../Engine/Content/EditorMaterials/WidgetMaterial_X.uasset" 221
"../../../Engine/Content/EditorMaterials/WidgetMaterial_Y.uasset" 222
"../../../Engine/Content/EditorMaterials/WidgetMaterial_Z.uasset" 223
"../../../Engine/Content/EditorMaterials/WidgetVertexColorMaterial.uasset" 224
"../../../Engine/Content/EditorMaterials/CompositeARGBLayer.uasset" 225
"../../../Engine/Content/EditorMaterials/TilingAALineIntegral.uasset" 226
"../../../Engine/Content/EditorMaterials/TilingAALineBoxFiltered.uasset" 227
"../../../Engine/Content/Functions/Engine_MaterialFunctions03/Procedurals/ComputeFilterWidth.uasset" 228
"../../../Engine/Content/EditorMaterials/TilingAADots.uasset" 229
"../../../Engine/Content/EditorMaterials/Cascade/CASC_Cross.uasset" 230
"../../../Engine/Content/EditorMaterials/Cascade/CASC_None.uasset" 231
"../../../Engine/Content/Functions/Engine_MaterialFunctions03/Blends/Blend_Screen.uasset" 232
"../../../Engine/Content/EditorMaterials/TilingAAGrid.uasset" 233
"../../../Engine/Content/EditorMaterials/LevelGridMaterial.uasset" 234
"../../../Engine/Content/EditorResources/SmallFont.uasset" 235
"../../../Engine/Content/EditorResources/S_KBSJoint.uasset" 236
"../../../Engine/Content/EditorResources/S_KHinge.uasset" 237
"../../../Engine/Content/EditorResources/S_KPrismatic.uasset" 238
"../../../Engine/Content/EditorResources/LightIcons/S_LightError.uasset" 239
"../../../Engine/Content/EditorResources/Spline/T_Loft_Spline.uasset" 240
"../../../Engine/Content/EngineMaterials/BlinkingCaret.uasset" 241
"../../../Engine/Content/EngineMaterials/DefaultNormal.uasset" 242
"../../../Engine/Content/EngineMaterials/Grid_N.uasset" 243
"../../../Engine/Content/EngineMaterials/LandscapeHolePhysicalMaterial.uasset" 244
"../../../Engine/Content/EngineMaterials/PaperDiffuse.uasset" 245
"../../../Engine/Content/EngineMaterials/PaperNormal.uasset" 246
"../../../Engine/Content/EngineMaterials/PhysMat_Rubber.uasset" 247
"../../../Engine/Content/EngineFonts/SmallFont.uasset" 248
"../../../Engine/Content/EngineFonts/TinyFont.uasset" 249
"../../../Engine/Content/EngineResources/StreamingPauseIcon.uasset" 250
"../../../Engine/Content/EngineResources/M_StreamingPause.uasset" 251
"../../../Engine/Content/BasicShapes/Cube.uasset" 252
"../../../Engine/Content/BasicShapes/Sphere.uasset" 253
"../../../Engine/Content/BasicShapes/Cylinder.uasset" 254
"../../../Engine/Content/BasicShapes/Cone.uasset" 255
"../../../Engine/Content/EditorResources/SequenceRecorder/Countdown.uasset" 256
"../../../Engine/Content/EditorResources/SequenceRecorder/RecordingIndicator.uasset" 257
"../../../Engine/Content/EditorLandscapeResources/DefaultAlphaTexture.uasset" 258
"../../../Engine/Content/MobileResources/T_MobileMenu2.uasset" 259
"../../../Engine/Content/MobileResources/HUD/MobileHUDButton2_off.uasset" 260
"../../../Engine/Content/EditorResources/EmptyActor.uasset" 261
"../../../Engine/Content/Tutorial/Basics/TutorialAssets/icon_tab_Levels_40x.uasset" 262
"../../../Engine/Content/EditorMaterials/MakeCompositeARGBLayer.uasset" 263
"../../../Engine/Content/EditorResources/LevelGrid1DStripes.uasset" 264
"../../../Engine/Content/EditorMaterials/TextureGridCascaded1D.uasset" 265
"../../../Engine/Content/EditorMaterials/TextureGridCascaded2D.uasset" 266
"../../../Engine/Content/EditorMaterials/LevelGridMaterial2.uasset" 267
"../../../Engine/Content/EditorBlueprintResources/StandardMacros.uasset" 268
"../../../Engine/Content/ArtTools/RenderToTexture/Enums/EIntTypes.uasset" 269
"../../../Engine/Content/ArtTools/RenderToTexture/Macros/RenderToTextureFunctionLibrary.uasset" 270
"../../../Engine/Content/ArtTools/RenderToTexture/Enums/EFloatTypes.uasset" 271
"../../../Engine/Content/ArtTools/RenderToTexture/Macros/RenderToTextureMacros.uasset" 272
"../../../Engine/Content/EditorBlueprintResources/ActorMacros.uasset" 273
"../../../Engine/Content/ArtTools/RenderToTexture/Enums/RenderToTexture_Flipbook_Enum.uasset" 274
"../../../Engine/Content/ArtTools/RenderToTexture/Enums/RenderToTexture_Imposter_Enum.uasset" 275
"../../../Engine/Content/VREditor/Tutorial/UMG/Specialized/AnimsForHands.uasset" 276
"../../../Engine/Content/ArtTools/RenderToTexture/Enums/RenderToTexture_Enum.uasset" 277
"../../../Engine/Content/EditorMaterials/GridMaterial.uasset" 278
"../../../Engine/Content/EditorMeshes/PhAT_FloorBox.uasset" 279
"../../../Engine/Content/EditorMaterials/AntialiasedGridFloor.uasset" 280
"../../../Engine/Content/EditorResources/TilePatine_D.uasset" 281
"../../../Engine/Content/EditorResources/TilePatine_N.uasset" 282
"../../../Engine/Content/EditorMaterials/PersonaFloorMat.uasset" 283
"../../../Engine/Content/Tutorial/BlueprintTutorials/TutorialAssets/Blueprint_64x.uasset" 284
"../../../Deber4/Content/InfinityBladeFireLands/Environments/Fire/Env_Fire_OddsnEnds/Textures/T_Env_Fire_Engines_tarps_D.uasset" 285
"../../../Deber4/Content/InfinityBladeFireLands/Environments/Fire/Env_Fire_OddsnEnds/Textures/T_Env_Fire_Engines_tarps_Normal.uasset" 286
"../../../Deber4/Content/InfinityBladeFireLands/Environments/Fire/Env_Fire_OddsnEnds/Materials/M_Env_Fire_Engines_tarps.uasset" 287
"../../../Deber4/Content/InfinityBladeFireLands/Environments/Fire/Env_Fire_OddsnEnds/StaticMesh/SM_Env_Fire_Engines_tarps.uasset" 288
"../../../Deber4/Content/InfinityBladeFireLands/Environments/Fire/Fire_Fortress/Textures/Env_Fire_NordHeed_D.uasset" 289
"../../../Deber4/Content/InfinityBladeFireLands/Environments/Fire/Fire_Fortress/Textures/T_Env_Ice_NordHeed_N.uasset" 290
"../../../Deber4/Content/InfinityBladeFireLands/Environments/Fire/Fire_Fortress/Materials/M_Env_Fire_Nordheed.uasset" 291
"../../../Deber4/Content/InfinityBladeFireLands/Environments/Fire/Fire_Fortress/SM/Env_Fire_NordHeed02.uasset" 292
"../../../Deber4/Content/MixamoAnimPack/Mixamo_Goblin/Anims/Mixamo_Goblin_Skeleton.uasset" 293
"../../../Deber4/Content/MixamoAnimPack/Mixamo_Goblin/Anims/Mixamo_Goblin_Shooting.uasset" 294
"../../../Engine/Content/Tutorial/SubEditors/TutorialAssets/icon_ShowSkeletalMeshes_40x.uasset" 295
"../../../Engine/Content/MapTemplates/Sky/DaylightAmbientCubemap.uasset" 296
"../../../Engine/Content/EditorMaterials/PersonaSky.uasset" 297
"../../../Engine/Content/EditorSounds/GamePreview/EndPlayInEditor.uasset" 298
"../../../Engine/Content/EditorSounds/GamePreview/EndPlayInEditor_Cue.uasset" 299
"../../../Engine/Content/EditorSounds/GamePreview/StartPlayInEditor.uasset" 300
"../../../Engine/Content/EditorSounds/GamePreview/StartPlayInEditor_Cue.uasset" 301
"../../../Deber4/Content/MixamoAnimPack/Mixamo_Adam/Materials/GC_Clothes_COL_2k.uasset" 302
"../../../Deber4/Content/MixamoAnimPack/Mixamo_Adam/Materials/GC_Clothes_mask_2k.uasset" 303
"../../../Deber4/Content/MixamoAnimPack/Mixamo_Adam/Materials/GC_Clothes_NM_2k.uasset" 304
"../../../Deber4/Content/MixamoAnimPack/Mixamo_Adam/Materials/M_Maximo_Adam_Body.uasset" 305
"../../../Deber4/Content/MixamoAnimPack/Mixamo_Adam/Materials/GC_Skin_COL_2k_diffuse.uasset" 306
"../../../Deber4/Content/MixamoAnimPack/Mixamo_Adam/Materials/GC_Skin_Mask_2k.uasset" 307
"../../../Deber4/Content/MixamoAnimPack/Mixamo_Adam/Materials/GC_Skin_NM_2k.uasset" 308
"../../../Deber4/Content/MixamoAnimPack/Mixamo_Adam/Materials/M_Maximo_Adam_Face.uasset" 309
"../../../Deber4/Content/MixamoAnimPack/Mixamo_Adam/Anims/Mixamo_Adam_Skeleton.uasset" 310
"../../../Deber4/Content/MixamoAnimPack/Mixamo_Adam/Mesh/Maximo_Adam.uasset" 311
"../../../Deber4/Content/InfinityBladeFireLands/Environments/Fire/Env_Fire_Terrain2/Textures/T_Cooled_Lava_D.uasset" 312
"../../../Deber4/Content/InfinityBladeFireLands/Environments/Fire/Env_Fire_Terrain2/Textures/T_Cooled_Lava_N.uasset" 313
"../../../Deber4/Content/InfinityBladeFireLands/Environments/Fire/MasterMaterials/SimpleMaster.uasset" 314
"../../../Deber4/Content/InfinityBladeFireLands/Environments/Fire/Env_Fire_Background/Textures/T_Env_Fire_Cliffs_TilingStone_02_D.uasset" 315
"../../../Deber4/Content/InfinityBladeFireLands/Environments/Fire/Env_Fire_Background/Textures/T_Env_Fire_Cliffs_TilingStone_02_N_2.uasset" 316
"../../../Deber4/Content/InfinityBladeFireLands/Environments/Fire/Env_Fire_Background/Materials/M_Fire_Cliffs_TilingStone_01_inst.uasset" 317
"../../../Engine/Content/MobileResources/HUD/MobileHUDButton3.uasset" 318
"../../../Engine/Content/MobileResources/HUD/MobileHUDButton1_off.uasset" 319
"../../../Engine/Content/MobileResources/HUD/MobileHUDDirectionPad3.uasset" 320
"../../../Engine/Content/MobileResources/HUD/MobileHUDDirectionPad.uasset" 321
"../../../Engine/Content/MobileResources/HUD/T_Castle_ThumbstickInner.uasset" 322
"../../../Deber4/Content/MixamoAnimPack/Mixamo_Maw/Anims/Maw_J_Laygo_Skeleton.uasset" 323
"../../../Deber4/Content/MixamoAnimPack/Mixamo_Maw/Anims/Maw_J_Laygo_jump.uasset" 324
"../../../Deber4/Content/MixamoAnimPack/Mixamo_Maw/Anims/Maw_J_Laygo_Running_Jump.uasset" 325
"../../../Deber4/Content/MixamoAnimPack/Mixamo_Maw/Anims/Maw_J_Laygo_Sword_Swing.uasset" 326
"../../../Deber4/Content/MixamoAnimPack/Mixamo_Maw/Anims/Maw_J_Laygo_idle.uasset" 327
"../../../Deber4/Content/MixamoAnimPack/Mixamo_Maw/Anims/Maw_J_Laygo_Run.uasset" 328
"../../../Deber4/Content/MixamoAnimPack/Mixamo_Maw/Anims/Maw_J_Laygo_Walk.uasset" 329
"../../../Deber4/Content/MixamoAnimPack/Mixamo_Maw/Anims/MixamoBlend_Maw_1D.uasset" 330
"../../../Deber4/Content/MixamoAnimPack/MixamoCharacter_Master.uasset" 331
"../../../Deber4/Content/MixamoAnimPack/Mixamo_Maw/Anims/MixamoAnimBP_Maw.uasset" 332
"../../../Deber4/Content/MixamoAnimPack/Mixamo_Maw/Materials/MAW_diffuse.uasset" 333
"../../../Deber4/Content/MixamoAnimPack/Mixamo_Maw/Materials/MAW_glow.uasset" 334
"../../../Deber4/Content/MixamoAnimPack/Mixamo_Maw/Materials/MAW_mask.uasset" 335
"../../../Deber4/Content/MixamoAnimPack/Mixamo_Maw/Materials/MAW_normal.uasset" 336
"../../../Deber4/Content/MixamoAnimPack/Mixamo_Maw/Materials/Maw_Mat.uasset" 337
"../../../Deber4/Content/MixamoAnimPack/Mixamo_Maw/Mesh/Maw_J_Laygo_Physics.uasset" 338
"../../../Deber4/Content/MixamoAnimPack/Mixamo_Maw/Mesh/Maw_J_Laygo.uasset" 339
"../../../Engine/Content/MobileResources/T_MobileControls_texture.uasset" 340
"../../../Engine/Content/MobileResources/HUD/AnalogHat.uasset" 341
"../../../Engine/Content/MobileResources/HUD/VirtualJoystick_Background.uasset" 342
"../../../Engine/Content/MobileResources/HUD/VirtualJoystick_Thumb.uasset" 343
"../../../Engine/Content/MobileResources/HUD/DefaultVirtualJoysticks.uasset" 344
"../../../Engine/Content/MobileResources/HUD/LeftVirtualJoystickOnly.uasset" 345
"../../../Engine/Content/MobileResources/HUD/MobileHUDButton1_on.uasset" 346
"../../../Engine/Content/MobileResources/HUD/MobileHUDButton2_on.uasset" 347
"../../../Engine/Content/MobileResources/HUD/MobileHUDButtonFire.uasset" 348
"../../../Engine/Content/MobileResources/HUD/MobileHUDDirectionPad2.uasset" 349
"../../../Engine/Content/MobileResources/HUD/MobileHUDDirectionStick.uasset" 350
"../../../Engine/Content/MobileResources/HUD/T_Castle_ThumbstickOutter.uasset" 351
"../../../Deber4/Content/Mannequin/Character/Mesh/UE4_Mannequin_Skeleton.uasset" 352
"../../../Deber4/Content/Mannequin/Animations/ThirdPerson_Jump.uasset" 353
"../../../Deber4/Content/Mannequin/Animations/ThirdPersonJump_Loop.uasset" 354
"../../../Deber4/Content/Mannequin/Animations/ThirdPersonJump_Start.uasset" 355
"../../../Deber4/Content/Mannequin/Animations/ThirdPersonIdle.uasset" 356
"../../../Deber4/Content/Mannequin/Animations/ThirdPersonRun.uasset" 357
"../../../Deber4/Content/Mannequin/Animations/ThirdPersonWalk.uasset" 358
"../../../Deber4/Content/Mannequin/Animations/ThirdPerson_IdleRun_2D.uasset" 359
"../../../Deber4/Content/Mannequin/Animations/ThirdPerson_AnimBP.uasset" 360
"../../../Deber4/Content/MixamoAnimPack/Mixamo_Goblin/Anims/Mixamo_Goblin_jump.uasset" 361
"../../../Deber4/Content/StarterContent/Textures/T_Burst_M.uasset" 362
"../../../Deber4/Content/StarterContent/Particles/Materials/M_Burst.uasset" 363
"../../../Deber4/Content/StarterContent/Textures/T_Explosion_SubUV.uasset" 364
"../../../Deber4/Content/StarterContent/Particles/Materials/M_explosion_subUV.uasset" 365
"../../../Deber4/Content/StarterContent/Particles/Materials/m_flare_01.uasset" 366
"../../../Engine/Content/Functions/Engine_MaterialFunctions01/Gradient/RadialGradient.uasset" 367
"../../../Deber4/Content/StarterContent/Particles/Materials/M_radial_ramp.uasset" 368
"../../../Deber4/Content/StarterContent/Textures/T_Smoke_SubUV.uasset" 369
"../../../Deber4/Content/StarterContent/Textures/T_Smoke_Tiled_D.uasset" 370
"../../../Deber4/Content/StarterContent/Particles/Materials/M_smoke_subUV.uasset" 371
"../../../Deber4/Content/StarterContent/Particles/P_Explosion.uasset" 372
"../../../Deber4/Content/MixamoAnimPack/Mixamo_Goblin/Anims/Mixamo_Goblin_Running_Jump.uasset" 373
"../../../Deber4/Content/MixamoAnimPack/Mixamo_Goblin/Anims/Mixamo_Goblin_Sword_slash.uasset" 374
"../../../Deber4/Content/MixamoAnimPack/Mixamo_Goblin/Anims/Mixamo_Goblin_idle.uasset" 375
"../../../Deber4/Content/MixamoAnimPack/Mixamo_Goblin/Anims/Mixamo_Goblin_Run.uasset" 376
"../../../Deber4/Content/MixamoAnimPack/Mixamo_Goblin/Anims/Mixamo_Goblin_Walk.uasset" 377
"../../../Deber4/Content/MixamoAnimPack/Mixamo_Goblin/Anims/MixamoBlend_Goblin_1D.uasset" 378
"../../../Deber4/Content/MixamoAnimPack/Mixamo_Goblin/Anims/MixamoAnimBP_Goblin.uasset" 379
"../../../Deber4/Content/StarterContent/Audio/Explosion_Cue.uasset" 380
"../../../Deber4/Content/StarterContent/Blueprints/Blueprint_Effect_Explosion.uasset" 381
"../../../Deber4/Content/MixamoAnimPack/Mixamo_Goblin/Materials/goblin_diffuse.uasset" 382
"../../../Deber4/Content/MixamoAnimPack/Mixamo_Goblin/Materials/goblin_mask.uasset" 383
"../../../Deber4/Content/MixamoAnimPack/Mixamo_Goblin/Materials/goblin_normal.uasset" 384
"../../../Deber4/Content/MixamoAnimPack/Mixamo_Goblin/Materials/Goblin_mat.uasset" 385
"../../../Deber4/Content/MixamoAnimPack/Mixamo_Goblin/Mesh/Mixamo_Goblin.uasset" 386
"../../../Deber4/Content/runner/personaje.uasset" 387
"../../../Engine/Content/EngineSky/C_Sky_Cloud_Color.uasset" 388
"../../../Engine/Content/EngineSky/C_Sky_Horizon_Color.uasset" 389
"../../../Engine/Content/EngineSky/C_Sky_Zenith_Color.uasset" 390
"../../../Engine/Content/EngineSky/T_Sky_Blue.uasset" 391
"../../../Engine/Content/EngineSky/T_Sky_Clouds_M.uasset" 392
"../../../Engine/Content/EngineSky/T_Sky_Stars.uasset" 393
"../../../Engine/Content/EngineSky/M_Sky_Panning_Clouds2.uasset" 394
"../../../Deber4/Content/StarterContent/Blueprints/Assets/M_LightStage_Skybox_Master.uasset" 395
"../../../Deber4/Content/StarterContent/Blueprints/Assets/M_LightStage_Skybox_HDRI.uasset" 396
"../../../Engine/Content/EngineSky/SM_SkySphere.uasset" 397
"../../../Engine/Content/EngineSky/BP_Sky_Sphere.uasset" 398
"../../../Engine/Content/EngineMaterials/AntiAliasedTextMaterialTranslucent.uasset" 399
"../../../Deber4/Content/Geometry/Meshes/CubeMaterial.uasset" 400
"../../../Deber4/Content/Geometry/Meshes/1M_Cube.uasset" 401
"../../../Deber4/Content/Geometry/Meshes/1M_Cube_Chamfer.uasset" 402
"../../../Deber4/Content/Geometry/Meshes/TemplateFloor.uasset" 403
"../../../Deber4/Content/ThirdPerson/Meshes/RampMaterial.uasset" 404
"../../../Deber4/Content/ThirdPerson/Meshes/Bump_StaticMesh.uasset" 405
"../../../Deber4/Content/ThirdPerson/Meshes/LeftArm_StaticMesh.uasset" 406
"../../../Deber4/Content/ThirdPerson/Meshes/Linear_Stair_StaticMesh.uasset" 407
"../../../Deber4/Content/ThirdPerson/Meshes/Ramp_StaticMesh.uasset" 408
"../../../Deber4/Content/ThirdPerson/Meshes/RightArm_StaticMesh.uasset" 409
"../../../Deber4/Content/ThirdPersonBP/Maps/ThirdPersonExampleMap.umap" 410
"../../../Deber4/Content/runner/Mapa.umap" 411
